2023-06-08 12:02:12,322 - __main__ - INFO - Server is starting...
2023-06-08 12:02:12,946 - __main__ - INFO - Server is starting...
2023-06-08 12:02:23,467 - manage - DEBUG - Logout user: asd
2023-06-08 12:02:26,518 - manage - DEBUG - Login user: asd 
2023-06-08 12:02:36,210 - manage - DEBUG - User: asd asd register for flight 39
2023-06-08 12:02:36,754 - manage - DEBUG - Logout user: asd
2023-06-08 12:02:41,649 - manage - DEBUG - Login user: admin 
2023-06-08 12:02:44,468 - manage - INFO - Added 2 airport
2023-06-08 12:02:47,604 - manage - INFO - Added 2 flight
2023-06-08 12:02:48,623 - manage - INFO - Added 1 passager
2023-06-08 12:14:50,344 - manage - DEBUG - Logout user: admin
2023-06-10 13:15:25,276 - __main__ - INFO - Server is starting...
2023-06-10 13:15:25,921 - __main__ - INFO - Server is starting...
2023-06-12 15:03:35,637 - __main__ - INFO - Server is starting...
2023-06-12 15:03:36,308 - __main__ - INFO - Server is starting...
2023-06-12 15:04:58,117 - __main__ - INFO - Server is starting...
2023-06-12 15:05:02,333 - __main__ - INFO - Server is starting...
2023-06-12 15:05:25,221 - __main__ - INFO - Server is starting...
2023-06-12 15:05:33,557 - __main__ - INFO - Server is starting...
2023-06-12 15:05:36,309 - manage - DEBUG - Logout user: 
2023-06-12 15:06:06,084 - __main__ - INFO - Server is starting...
2023-06-12 15:06:08,212 - manage - DEBUG - Logout user: 
2023-06-12 15:06:30,541 - __main__ - INFO - Server is starting...
2023-06-12 15:06:32,668 - manage - DEBUG - Logout user: 
2023-06-12 15:07:45,351 - __main__ - INFO - Server is starting...
2023-06-12 15:07:51,431 - __main__ - INFO - Server is starting...
2023-06-12 15:08:17,964 - __main__ - INFO - Server is starting...
2023-06-12 15:08:33,599 - __main__ - INFO - Server is starting...
2023-06-12 15:08:53,963 - __main__ - INFO - Server is starting...
2023-06-12 15:09:01,048 - __main__ - INFO - Server is starting...
2023-06-12 15:09:07,159 - __main__ - INFO - Server is starting...
2023-06-12 15:09:18,561 - __main__ - INFO - Server is starting...
2023-06-12 15:09:22,387 - __main__ - INFO - Server is starting...
2023-06-12 15:09:26,349 - __main__ - INFO - Server is starting...
2023-06-12 15:09:33,429 - __main__ - INFO - Server is starting...
2023-06-12 15:09:39,441 - __main__ - INFO - Server is starting...
2023-06-12 15:09:43,207 - __main__ - INFO - Server is starting...
2023-06-12 15:10:19,702 - __main__ - INFO - Server is starting...
2023-06-12 15:10:23,651 - __main__ - INFO - Server is starting...
2023-06-12 15:10:40,501 - __main__ - INFO - Server is starting...
2023-06-12 15:11:14,430 - __main__ - INFO - Server is starting...
2023-06-12 15:11:36,690 - __main__ - INFO - Server is starting...
2023-06-12 15:12:08,730 - __main__ - INFO - Server is starting...
2023-06-12 15:12:13,593 - __main__ - INFO - Server is starting...
2023-06-12 15:12:19,521 - __main__ - INFO - Server is starting...
2023-06-12 15:12:52,740 - __main__ - INFO - Server is starting...
2023-06-12 15:12:58,865 - __main__ - INFO - Server is starting...
2023-06-12 15:13:18,953 - __main__ - INFO - Server is starting...
2023-06-12 15:13:26,100 - __main__ - INFO - Server is starting...
2023-06-12 15:14:40,260 - __main__ - INFO - Server is starting...
2023-06-12 15:14:50,692 - __main__ - INFO - Server is starting...
2023-06-12 15:14:56,452 - __main__ - INFO - Server is starting...
2023-06-12 15:15:12,992 - __main__ - INFO - Server is starting...
2023-06-12 15:15:21,186 - __main__ - INFO - Server is starting...
2023-06-12 15:15:25,993 - __main__ - INFO - Server is starting...
2023-06-12 15:15:33,049 - __main__ - INFO - Server is starting...
2023-06-12 15:15:37,988 - __main__ - INFO - Server is starting...
2023-06-12 15:15:41,731 - __main__ - INFO - Server is starting...
2023-06-12 15:15:47,674 - __main__ - INFO - Server is starting...
2023-06-12 15:15:51,621 - __main__ - INFO - Server is starting...
2023-06-12 15:16:36,756 - __main__ - INFO - Server is starting...
2023-06-12 15:16:45,060 - __main__ - INFO - Server is starting...
2023-06-12 15:17:02,963 - __main__ - INFO - Server is starting...
2023-06-12 15:17:11,090 - __main__ - INFO - Server is starting...
2023-06-12 15:17:18,212 - __main__ - INFO - Server is starting...
2023-06-12 15:17:22,089 - __main__ - INFO - Server is starting...
2023-06-12 15:17:31,331 - __main__ - INFO - Server is starting...
2023-06-12 15:17:43,793 - __main__ - INFO - Server is starting...
2023-06-12 15:18:13,443 - __main__ - INFO - Server is starting...
2023-06-12 15:18:38,017 - __main__ - INFO - Server is starting...
2023-06-12 15:18:47,615 - __main__ - INFO - Server is starting...
2023-06-12 15:18:48,216 - __main__ - INFO - Server is starting...
2023-06-12 15:18:57,556 - manage - DEBUG - Login user: asd 
2023-06-12 15:19:04,357 - manage - DEBUG - User: asd asd register for flight 55
2023-06-12 15:20:06,328 - __main__ - INFO - Server is starting...
2023-06-12 15:20:47,159 - __main__ - INFO - Server is starting...
2023-06-12 15:20:55,454 - __main__ - INFO - Server is starting...
2023-06-12 15:21:00,424 - __main__ - INFO - Server is starting...
2023-06-12 15:21:17,459 - __main__ - INFO - Server is starting...
2023-06-12 15:21:34,285 - __main__ - INFO - Server is starting...
2023-06-12 15:21:44,666 - __main__ - INFO - Server is starting...
2023-06-12 15:21:59,382 - __main__ - INFO - Server is starting...
2023-06-12 15:22:03,335 - __main__ - INFO - Server is starting...
2023-06-12 15:22:16,106 - __main__ - INFO - Server is starting...
2023-06-12 15:22:23,179 - __main__ - INFO - Server is starting...
2023-06-12 15:22:28,160 - __main__ - INFO - Server is starting...
2023-06-12 15:22:36,312 - __main__ - INFO - Server is starting...
2023-06-12 15:22:40,203 - __main__ - INFO - Server is starting...
2023-06-12 15:22:45,282 - __main__ - INFO - Server is starting...
2023-06-12 15:22:51,186 - __main__ - INFO - Server is starting...
2023-06-12 15:22:54,993 - __main__ - INFO - Server is starting...
2023-06-12 15:22:58,842 - __main__ - INFO - Server is starting...
2023-06-12 15:23:10,234 - __main__ - INFO - Server is starting...
2023-06-12 15:23:14,077 - __main__ - INFO - Server is starting...
2023-06-12 15:23:20,144 - __main__ - INFO - Server is starting...
2023-06-12 15:23:29,480 - __main__ - INFO - Server is starting...
2023-06-12 15:41:37,000 - __main__ - INFO - Server is starting...
2023-06-12 15:41:39,141 - manage - DEBUG - Logout user: 
2023-06-12 15:42:18,617 - __main__ - INFO - Server is starting...
2023-06-12 15:42:19,249 - __main__ - INFO - Server is starting...
2023-06-12 15:42:29,268 - manage - DEBUG - Logout user: asd
2023-06-12 15:42:32,661 - manage - DEBUG - Login user: asd 
2023-06-12 15:42:40,686 - manage - DEBUG - User: asd asd register for flight 21
2023-06-12 15:44:29,723 - __main__ - INFO - Server is starting...
2023-06-12 15:44:31,855 - manage - DEBUG - Logout user: 
2023-06-12 15:46:37,799 - __main__ - INFO - Server is starting...
2023-06-12 15:46:39,949 - manage - DEBUG - Logout user: 
2023-06-12 15:53:26,546 - __main__ - INFO - Server is starting...
2023-06-12 15:53:28,680 - manage - DEBUG - Logout user: 
2023-06-12 15:54:11,790 - __main__ - INFO - Server is starting...
2023-06-12 15:54:13,898 - manage - DEBUG - Logout user: 
2023-06-12 15:54:26,699 - __main__ - INFO - Server is starting...
2023-06-12 15:54:28,876 - manage - DEBUG - Logout user: 
2023-06-12 15:59:56,930 - __main__ - INFO - Server is starting...
2023-06-12 15:59:59,076 - manage - DEBUG - Logout user: 
2023-06-12 16:00:19,968 - __main__ - INFO - Server is starting...
2023-06-12 16:00:22,056 - manage - DEBUG - Logout user: 
2023-06-12 16:00:35,762 - __main__ - INFO - Server is starting...
2023-06-12 16:00:37,858 - manage - DEBUG - Logout user: 
2023-06-12 16:01:47,633 - __main__ - INFO - Server is starting...
2023-06-12 16:01:49,718 - manage - DEBUG - Logout user: 
2023-06-12 16:02:09,266 - __main__ - INFO - Server is starting...
2023-06-12 16:02:11,375 - manage - DEBUG - Logout user: 
2023-06-12 16:03:15,981 - __main__ - INFO - Server is starting...
2023-06-12 16:03:18,080 - manage - DEBUG - Logout user: 
2023-06-12 16:03:32,882 - __main__ - INFO - Server is starting...
2023-06-12 16:03:34,942 - manage - DEBUG - Logout user: 
2023-06-12 16:07:11,905 - __main__ - INFO - Server is starting...
2023-06-12 16:07:14,053 - manage - DEBUG - Logout user: 
2023-06-12 16:07:36,462 - __main__ - INFO - Server is starting...
2023-06-12 16:07:38,621 - manage - DEBUG - Logout user: 
2023-06-12 16:07:45,189 - __main__ - INFO - Server is starting...
2023-06-12 16:07:47,287 - manage - DEBUG - Logout user: 
2023-06-12 16:08:57,271 - __main__ - INFO - Server is starting...
2023-06-12 16:08:59,342 - manage - DEBUG - Logout user: 
2023-06-12 16:09:30,289 - __main__ - INFO - Server is starting...
2023-06-12 16:09:32,401 - manage - DEBUG - Logout user: 
2023-06-12 16:09:40,241 - __main__ - INFO - Server is starting...
2023-06-12 16:09:42,283 - manage - DEBUG - Logout user: 
2023-06-12 16:09:57,118 - __main__ - INFO - Server is starting...
2023-06-12 16:09:59,207 - manage - DEBUG - Logout user: 
2023-06-12 16:10:30,034 - __main__ - INFO - Server is starting...
2023-06-12 16:10:32,087 - manage - DEBUG - Logout user: 
2023-06-12 16:10:51,295 - __main__ - INFO - Server is starting...
2023-06-12 16:10:53,402 - manage - DEBUG - Logout user: 
2023-06-12 16:11:13,151 - __main__ - INFO - Server is starting...
2023-06-12 16:11:15,246 - manage - DEBUG - Logout user: 
2023-06-12 16:11:23,640 - __main__ - INFO - Server is starting...
2023-06-12 16:11:25,711 - manage - DEBUG - Logout user: 
2023-06-12 16:11:27,506 - __main__ - INFO - Server is starting...
2023-06-12 16:11:29,580 - manage - DEBUG - Logout user: 
2023-06-12 16:11:38,272 - __main__ - INFO - Server is starting...
2023-06-12 16:11:40,374 - manage - DEBUG - Logout user: 
2023-06-12 16:13:16,960 - __main__ - INFO - Server is starting...
2023-06-12 16:13:19,072 - manage - DEBUG - Logout user: 
2023-06-12 16:13:21,427 - __main__ - INFO - Server is starting...
2023-06-12 16:13:23,465 - manage - DEBUG - Logout user: 
2023-06-12 16:14:34,997 - __main__ - INFO - Server is starting...
2023-06-12 16:14:37,146 - manage - DEBUG - Logout user: 
2023-06-12 16:14:38,170 - __main__ - INFO - Server is starting...
2023-06-12 16:14:40,332 - manage - DEBUG - Logout user: 
2023-06-12 16:14:41,347 - __main__ - INFO - Server is starting...
2023-06-12 16:14:43,438 - manage - DEBUG - Logout user: 
2023-06-12 16:22:47,043 - __main__ - INFO - Server is starting...
2023-06-12 16:22:49,097 - manage - DEBUG - Logout user: 
2023-06-12 16:23:37,662 - __main__ - INFO - Server is starting...
2023-06-12 16:23:39,776 - manage - DEBUG - Logout user: 
2023-06-12 16:24:13,499 - __main__ - INFO - Server is starting...
2023-06-12 16:24:15,650 - manage - DEBUG - Logout user: 
2023-06-12 16:26:03,875 - __main__ - INFO - Server is starting...
2023-06-12 16:26:05,894 - manage - DEBUG - Logout user: 
2023-06-12 16:26:16,332 - __main__ - INFO - Server is starting...
2023-06-12 16:26:18,296 - manage - DEBUG - Logout user: 
2023-06-12 16:27:12,448 - __main__ - INFO - Server is starting...
2023-06-12 16:27:14,448 - manage - DEBUG - Logout user: 
2023-06-12 16:27:46,168 - __main__ - INFO - Server is starting...
2023-06-12 16:27:48,249 - manage - DEBUG - Logout user: 
2023-06-12 16:28:02,565 - __main__ - INFO - Server is starting...
2023-06-12 16:28:04,632 - manage - DEBUG - Logout user: 
2023-06-12 16:28:49,520 - __main__ - INFO - Server is starting...
2023-06-12 16:28:51,644 - manage - DEBUG - Logout user: 
2023-06-12 16:29:16,045 - __main__ - INFO - Server is starting...
2023-06-12 16:29:18,043 - manage - DEBUG - Logout user: 
2023-06-12 16:29:24,263 - __main__ - INFO - Server is starting...
2023-06-12 16:29:26,249 - manage - DEBUG - Logout user: 
2023-06-12 16:29:47,993 - __main__ - INFO - Server is starting...
2023-06-12 16:29:49,996 - manage - DEBUG - Logout user: 
2023-06-12 16:29:52,318 - __main__ - INFO - Server is starting...
2023-06-12 16:29:54,312 - manage - DEBUG - Logout user: 
2023-06-12 16:34:31,489 - __main__ - INFO - Server is starting...
2023-06-12 16:34:33,513 - manage - DEBUG - Logout user: 
2023-06-12 16:34:51,243 - __main__ - INFO - Server is starting...
2023-06-12 16:38:04,835 - __main__ - INFO - Server is starting...
2023-06-12 16:39:01,642 - __main__ - INFO - Server is starting...
2023-06-12 16:39:27,213 - __main__ - INFO - Server is starting...
2023-06-12 16:39:40,863 - __main__ - INFO - Server is starting...
2023-06-12 16:39:55,875 - __main__ - INFO - Server is starting...
2023-06-12 16:41:08,762 - __main__ - INFO - Server is starting...
2023-06-12 16:41:27,660 - __main__ - INFO - Server is starting...
2023-06-12 16:41:57,865 - __main__ - INFO - Server is starting...
2023-06-12 16:42:31,359 - __main__ - INFO - Server is starting...
2023-06-12 16:43:01,528 - __main__ - INFO - Server is starting...
2023-06-12 16:45:04,328 - __main__ - INFO - Server is starting...
2023-06-12 16:45:24,640 - __main__ - INFO - Server is starting...
2023-06-12 16:46:16,439 - __main__ - INFO - Server is starting...
2023-06-12 16:48:09,097 - __main__ - INFO - Server is starting...
2023-06-12 16:50:08,102 - __main__ - INFO - Server is starting...
2023-06-12 16:50:20,881 - __main__ - INFO - Server is starting...
2023-06-12 16:50:37,842 - __main__ - INFO - Server is starting...
2023-06-12 16:50:56,243 - __main__ - INFO - Server is starting...
2023-06-12 16:51:25,610 - __main__ - INFO - Server is starting...
2023-06-12 16:55:04,143 - __main__ - INFO - Server is starting...
2023-06-12 16:55:16,183 - __main__ - INFO - Server is starting...
2023-06-12 16:55:25,979 - __main__ - INFO - Server is starting...
2023-06-12 16:55:36,303 - __main__ - INFO - Server is starting...
2023-06-12 16:55:41,070 - __main__ - INFO - Server is starting...
2023-06-12 16:55:56,202 - __main__ - INFO - Server is starting...
2023-06-12 16:56:02,806 - __main__ - INFO - Server is starting...
2023-06-12 16:57:13,913 - __main__ - INFO - Server is starting...
2023-06-12 16:57:21,309 - __main__ - INFO - Server is starting...
2023-06-12 16:58:59,133 - __main__ - INFO - Server is starting...
2023-06-12 16:59:13,976 - __main__ - INFO - Server is starting...
2023-06-12 16:59:40,152 - __main__ - INFO - Server is starting...
2023-06-12 17:03:42,976 - __main__ - INFO - Server is starting...
2023-06-12 17:04:20,100 - __main__ - INFO - Server is starting...
2023-06-12 17:05:01,197 - __main__ - INFO - Server is starting...
2023-06-12 17:05:07,468 - __main__ - INFO - Server is starting...
2023-06-12 17:05:35,892 - __main__ - INFO - Server is starting...
2023-06-12 17:05:52,076 - __main__ - INFO - Server is starting...
2023-06-12 17:06:02,486 - __main__ - INFO - Server is starting...
2023-06-12 17:06:25,783 - __main__ - INFO - Server is starting...
2023-06-12 17:06:52,727 - __main__ - INFO - Server is starting...
2023-06-12 17:07:14,449 - __main__ - INFO - Server is starting...
2023-06-12 17:07:42,683 - __main__ - INFO - Server is starting...
2023-06-12 17:08:31,320 - __main__ - INFO - Server is starting...
2023-06-12 17:08:49,802 - __main__ - INFO - Server is starting...
2023-06-12 17:10:37,032 - __main__ - INFO - Server is starting...
2023-06-12 17:11:10,127 - __main__ - INFO - Server is starting...
2023-06-12 17:11:36,682 - __main__ - INFO - Server is starting...
2023-06-12 17:12:10,242 - __main__ - INFO - Server is starting...
2023-06-12 17:12:27,235 - __main__ - INFO - Server is starting...
2023-06-12 17:12:47,796 - __main__ - INFO - Server is starting...
2023-06-12 17:14:30,081 - __main__ - INFO - Server is starting...
2023-06-12 17:17:01,723 - __main__ - INFO - Server is starting...
2023-06-12 17:17:03,582 - manage - DEBUG - User: John Doe register for flight 1
2023-06-12 17:18:18,994 - __main__ - INFO - Server is starting...
2023-06-12 17:18:20,849 - manage - DEBUG - User: John Doe register for flight 1
2023-06-12 17:18:49,385 - __main__ - INFO - Server is starting...
2023-06-12 17:18:51,243 - manage - DEBUG - User: John Doe register for flight 1
2023-06-12 17:19:22,417 - __main__ - INFO - Server is starting...
2023-06-12 17:19:24,292 - manage - DEBUG - User: John Doe register for flight 1
2023-06-12 17:20:48,951 - __main__ - INFO - Server is starting...
2023-06-12 17:20:50,726 - manage - DEBUG - User: John Doe register for flight 1
2023-06-12 17:21:00,573 - __main__ - INFO - Server is starting...
2023-06-12 17:21:02,374 - manage - DEBUG - User: John Doe register for flight 1
2023-06-12 17:21:25,124 - __main__ - INFO - Server is starting...
2023-06-12 17:21:26,941 - manage - DEBUG - User: John Doe register for flight 1
2023-06-12 17:21:58,443 - __main__ - INFO - Server is starting...
2023-06-12 17:22:00,219 - manage - DEBUG - User: John Doe register for flight 1
2023-06-12 17:22:39,046 - __main__ - INFO - Server is starting...
2023-06-12 17:22:40,816 - manage - DEBUG - User: John Doe register for flight 1
2023-06-12 17:22:50,081 - __main__ - INFO - Server is starting...
2023-06-12 17:22:51,890 - manage - DEBUG - User: John Doe register for flight 1
2023-06-12 17:23:46,794 - __main__ - INFO - Server is starting...
2023-06-12 17:23:48,578 - manage - DEBUG - User: John Doe register for flight 1
2023-06-12 17:24:01,919 - __main__ - INFO - Server is starting...
2023-06-12 17:24:03,706 - manage - DEBUG - User: John Doe register for flight 1
2023-06-12 17:24:48,407 - __main__ - INFO - Server is starting...
2023-06-12 17:24:50,221 - manage - DEBUG - User: John Doe register for flight 1
2023-06-12 17:26:19,370 - __main__ - INFO - Server is starting...
2023-06-12 17:26:21,146 - manage - DEBUG - User: John Doe register for flight 1
2023-06-12 17:26:53,210 - __main__ - INFO - Server is starting...
2023-06-12 17:26:55,009 - manage - DEBUG - User: John Doe register for flight 1
2023-06-12 17:27:05,937 - __main__ - INFO - Server is starting...
2023-06-12 17:27:07,753 - manage - DEBUG - User: John Doe register for flight 1
2023-06-12 17:28:21,123 - __main__ - INFO - Server is starting...
2023-06-12 17:28:22,922 - manage - DEBUG - User: John Doe register for flight 1
2023-06-12 17:29:15,064 - __main__ - INFO - Server is starting...
2023-06-12 17:29:16,865 - manage - DEBUG - User: John Doe register for flight 1
2023-06-12 17:30:03,707 - __main__ - INFO - Server is starting...
2023-06-12 17:30:05,485 - manage - DEBUG - User: John Doe register for flight 1
2023-06-12 17:30:34,887 - __main__ - INFO - Server is starting...
2023-06-12 17:30:36,642 - manage - DEBUG - User: John Doe register for flight 1
2023-06-12 17:31:48,380 - __main__ - INFO - Server is starting...
2023-06-12 17:31:50,172 - manage - DEBUG - User: John Doe register for flight 2
2023-06-12 17:32:10,765 - __main__ - INFO - Server is starting...
2023-06-12 17:32:12,586 - manage - DEBUG - User: John Doe register for flight 2
2023-06-12 17:32:50,445 - __main__ - INFO - Server is starting...
2023-06-12 17:32:52,225 - manage - DEBUG - User: John Doe register for flight 2
2023-06-12 17:33:12,007 - __main__ - INFO - Server is starting...
2023-06-12 17:33:13,767 - manage - DEBUG - User: John Doe register for flight 2
2023-06-12 17:33:48,822 - __main__ - INFO - Server is starting...
2023-06-12 17:33:50,566 - manage - DEBUG - User: John Doe register for flight 2
2023-06-12 17:35:10,253 - __main__ - INFO - Server is starting...
2023-06-12 17:35:40,513 - __main__ - INFO - Server is starting...
2023-06-12 17:35:54,139 - __main__ - INFO - Server is starting...
2023-06-12 17:35:55,920 - manage - DEBUG - User: John Doe register for flight 1
2023-06-12 17:36:23,096 - __main__ - INFO - Server is starting...
2023-06-12 17:36:32,712 - __main__ - INFO - Server is starting...
2023-06-12 17:36:42,112 - __main__ - INFO - Server is starting...
2023-06-12 17:37:40,992 - __main__ - INFO - Server is starting...
2023-06-12 17:37:42,804 - manage - DEBUG - User: John Doe register for flight 2
2023-06-12 17:39:46,724 - __main__ - INFO - Server is starting...
2023-06-12 17:39:48,467 - manage - DEBUG - User: John Doe register for flight 2
2023-06-12 17:39:52,710 - __main__ - INFO - Server is starting...
2023-06-12 17:39:54,471 - manage - DEBUG - User: John Doe register for flight 2
2023-06-12 17:39:56,321 - __main__ - INFO - Server is starting...
2023-06-12 17:39:58,028 - manage - DEBUG - User: John Doe register for flight 2
2023-06-12 17:40:23,384 - __main__ - INFO - Server is starting...
2023-06-12 17:40:25,227 - manage - DEBUG - User: John Doe register for flight 2
2023-06-12 17:40:25,914 - manage - DEBUG - Logout user: 
2023-06-12 17:44:55,537 - __main__ - INFO - Server is starting...
2023-06-12 17:44:57,356 - manage - DEBUG - User: John Doe register for flight 2
2023-06-12 17:44:58,036 - manage - DEBUG - Logout user: 
2023-06-12 17:44:59,787 - __main__ - INFO - Server is starting...
2023-06-12 17:45:01,566 - manage - DEBUG - User: John Doe register for flight 2
2023-06-12 17:45:02,251 - manage - DEBUG - Logout user: 
2023-06-12 17:45:03,382 - __main__ - INFO - Server is starting...
2023-06-12 17:45:05,146 - manage - DEBUG - User: John Doe register for flight 2
2023-06-12 17:45:05,822 - manage - DEBUG - Logout user: 
2023-06-13 13:12:55,447 - __main__ - INFO - Server is starting...
2023-06-13 13:12:56,212 - __main__ - INFO - Server is starting...
2023-06-13 13:13:09,702 - manage - DEBUG - Logout user: asd
2023-06-13 13:13:32,165 - manage - DEBUG - Register user: falkowskikamil97@wp.pl
2023-06-13 13:13:49,904 - manage - DEBUG - Logout user: falkowskikamil97@wp.pl
2023-06-13 13:14:03,635 - manage - DEBUG - Login user: falkowskikamil97@wp.pl 
2023-06-13 13:14:55,613 - manage - DEBUG - User: Kamil Falkowski register for flight 51
2023-06-13 13:16:33,257 - manage - DEBUG - Logout user: falkowskikamil97@wp.pl
2023-06-13 13:24:30,453 - manage - DEBUG - Login user: falkowskikamil97@wp.pl 
2023-06-13 13:25:57,618 - manage - DEBUG - Logout user: falkowskikamil97@wp.pl
2023-06-13 13:32:55,640 - __main__ - INFO - Server is starting...
2023-06-13 13:32:56,289 - __main__ - INFO - Server is starting...
2023-06-13 13:37:22,854 - __main__ - INFO - Server is starting...
2023-06-13 13:37:23,441 - __main__ - INFO - Server is starting...
2023-06-15 13:31:04,953 - __main__ - INFO - Server is starting...
2023-06-15 13:31:05,659 - __main__ - INFO - Server is starting...
2023-06-15 13:31:29,976 - manage - DEBUG - Login user: admin 
2023-06-15 13:32:19,660 - __main__ - INFO - Server is starting...
2023-06-15 13:32:41,564 - __main__ - INFO - Server is starting...
2023-06-15 13:35:21,850 - __main__ - INFO - Server is starting...
2023-06-15 13:35:33,874 - __main__ - INFO - Server is starting...
2023-06-15 13:35:42,500 - __main__ - INFO - Server is starting...
2023-06-15 13:35:52,679 - __main__ - INFO - Server is starting...
2023-06-15 13:36:08,000 - __main__ - INFO - Server is starting...
2023-06-15 13:36:20,161 - __main__ - INFO - Server is starting...
2023-06-15 13:36:30,380 - __main__ - INFO - Server is starting...
2023-06-15 13:37:27,721 - __main__ - INFO - Server is starting...
2023-06-15 13:37:47,064 - manage - INFO - Added 2 airport
2023-06-15 13:37:50,611 - manage - INFO - Added 2 airport
2023-06-15 13:37:53,751 - manage - INFO - Added 4 airport
2023-06-15 13:38:13,908 - __main__ - INFO - Server is starting...
2023-06-15 13:38:14,510 - __main__ - INFO - Server is starting...
2023-06-15 13:39:16,238 - __main__ - INFO - Server is starting...
2023-06-15 13:39:26,458 - __main__ - INFO - Server is starting...
2023-06-15 13:39:42,208 - __main__ - INFO - Server is starting...
2023-06-15 13:39:42,818 - __main__ - INFO - Server is starting...
2023-06-15 13:40:10,601 - __main__ - INFO - Server is starting...
2023-06-15 13:41:25,146 - manage - DEBUG - Login user: admin 
2023-06-15 13:41:37,342 - manage - INFO - Added 2 airport
2023-06-15 13:56:50,244 - __main__ - INFO - Server is starting...
2023-06-15 13:56:54,677 - __main__ - INFO - Server is starting...
2023-06-15 13:56:55,279 - __main__ - INFO - Server is starting...
2023-06-15 13:57:52,002 - __main__ - INFO - Server is starting...
2023-06-15 14:04:37,387 - __main__ - INFO - Server is starting...
2023-06-15 14:04:38,035 - __main__ - INFO - Server is starting...
2023-06-15 14:05:06,182 - __main__ - INFO - Server is starting...
2023-06-15 14:05:15,638 - __main__ - INFO - Server is starting...
2023-06-15 14:05:16,093 - __main__ - INFO - Server is starting...
2023-06-15 14:05:29,488 - __main__ - INFO - Server is starting...
2023-06-15 14:05:36,581 - __main__ - INFO - Server is starting...
2023-06-15 14:05:37,175 - __main__ - INFO - Server is starting...
2023-06-15 14:06:01,704 - __main__ - INFO - Server is starting...
2023-06-15 14:06:02,291 - __main__ - INFO - Server is starting...
2023-06-15 14:07:13,263 - __main__ - INFO - Server is starting...
2023-06-15 14:07:51,935 - __main__ - INFO - Server is starting...
2023-06-15 14:08:03,998 - __main__ - INFO - Server is starting...
2023-06-15 14:08:22,778 - __main__ - INFO - Server is starting...
2023-06-15 14:08:32,919 - __main__ - INFO - Server is starting...
2023-06-15 14:09:46,472 - __main__ - INFO - Server is starting...
2023-06-15 14:33:56,024 - __main__ - INFO - Server is starting...
2023-06-15 14:34:07,105 - __main__ - INFO - Server is starting...
2023-06-15 14:34:13,526 - __main__ - INFO - Server is starting...
2023-06-15 14:36:25,594 - __main__ - INFO - Server is starting...
2023-06-15 14:36:35,195 - __main__ - INFO - Server is starting...
2023-06-15 14:36:40,577 - __main__ - INFO - Server is starting...
2023-06-15 14:36:45,887 - __main__ - INFO - Server is starting...
2023-06-15 14:36:51,161 - __main__ - INFO - Server is starting...
2023-06-15 14:39:05,458 - __main__ - INFO - Server is starting...
2023-06-15 14:39:15,107 - __main__ - INFO - Server is starting...
2023-06-15 14:39:15,709 - __main__ - INFO - Server is starting...
2023-06-15 14:39:23,191 - __main__ - INFO - Server is starting...
2023-06-15 14:39:26,471 - __main__ - INFO - Server is starting...
2023-06-15 14:39:30,735 - __main__ - INFO - Server is starting...
2023-06-15 14:39:36,156 - __main__ - INFO - Server is starting...
2023-06-15 14:40:21,426 - __main__ - INFO - Server is starting...
2023-06-15 14:40:26,828 - __main__ - INFO - Server is starting...
2023-06-15 14:40:36,556 - __main__ - INFO - Server is starting...
2023-06-15 14:40:37,171 - __main__ - INFO - Server is starting...
2023-06-15 14:42:24,615 - __main__ - INFO - Server is starting...
2023-06-15 14:42:25,282 - __main__ - INFO - Server is starting...
2023-06-15 14:43:58,097 - __main__ - INFO - Server is starting...
2023-06-15 14:47:16,972 - __main__ - INFO - Server is starting...
2023-06-15 14:47:54,164 - __main__ - INFO - Server is starting...
2023-06-15 14:48:20,018 - manage - DEBUG - Login user: admin 
2023-06-15 14:49:18,592 - __main__ - INFO - Server is starting...
2023-06-15 14:49:28,815 - __main__ - INFO - Server is starting...
2023-06-15 14:49:42,150 - __main__ - INFO - Server is starting...
2023-06-15 14:49:54,352 - __main__ - INFO - Server is starting...
2023-06-15 14:50:06,980 - __main__ - INFO - Server is starting...
2023-06-15 14:50:23,109 - __main__ - INFO - Server is starting...
2023-06-15 14:50:23,743 - __main__ - INFO - Server is starting...
2023-06-15 14:50:49,696 - manage - DEBUG - Logout user: admin
2023-06-15 14:54:09,210 - __main__ - INFO - Server is starting...
2023-06-15 14:54:17,909 - __main__ - INFO - Server is starting...
2023-06-15 14:54:40,371 - __main__ - INFO - Server is starting...
2023-06-15 14:55:00,303 - __main__ - INFO - Server is starting...
2023-06-15 14:55:00,905 - __main__ - INFO - Server is starting...
2023-06-15 14:55:20,627 - manage - DEBUG - Login user: admin 
2023-06-15 14:55:34,984 - __main__ - INFO - Server is starting...
2023-06-15 14:55:46,662 - __main__ - INFO - Server is starting...
2023-06-15 14:56:02,463 - __main__ - INFO - Server is starting...
2023-06-15 14:56:03,064 - __main__ - INFO - Server is starting...
2023-06-15 14:56:39,647 - __main__ - INFO - Server is starting...
2023-06-15 14:56:50,833 - __main__ - INFO - Server is starting...
2023-06-15 14:57:02,443 - __main__ - INFO - Server is starting...
2023-06-15 14:57:08,519 - __main__ - INFO - Server is starting...
2023-06-15 14:57:50,424 - __main__ - INFO - Server is starting...
2023-06-15 14:58:00,991 - __main__ - INFO - Server is starting...
2023-06-15 15:09:26,238 - __main__ - INFO - Server is starting...
2023-06-15 15:09:42,174 - __main__ - INFO - Server is starting...
2023-06-15 15:12:58,330 - __main__ - INFO - Server is starting...
2023-06-15 15:13:09,867 - __main__ - INFO - Server is starting...
2023-06-15 15:14:02,781 - __main__ - INFO - Server is starting...
2023-06-15 15:14:33,165 - __main__ - INFO - Server is starting...
2023-06-15 15:14:57,012 - __main__ - INFO - Server is starting...
2023-06-15 15:15:07,994 - __main__ - INFO - Server is starting...
2023-06-15 15:15:27,341 - __main__ - INFO - Server is starting...
2023-06-15 15:16:03,773 - __main__ - INFO - Server is starting...
2023-06-15 15:17:00,889 - __main__ - INFO - Server is starting...
2023-06-15 15:17:43,569 - __main__ - INFO - Server is starting...
2023-06-15 15:18:01,604 - __main__ - INFO - Server is starting...
2023-06-15 15:18:15,269 - __main__ - INFO - Server is starting...
2023-06-15 15:18:15,861 - __main__ - INFO - Server is starting...
2023-06-15 15:18:36,374 - __main__ - INFO - Server is starting...
2023-06-15 15:18:41,052 - __main__ - INFO - Server is starting...
2023-06-15 15:19:14,958 - __main__ - INFO - Server is starting...
2023-06-15 15:19:22,238 - manage - DEBUG - Login user: admin 
2023-06-15 15:19:53,166 - __main__ - INFO - Server is starting...
2023-06-15 15:20:03,994 - __main__ - INFO - Server is starting...
2023-06-15 15:20:13,017 - __main__ - INFO - Server is starting...
2023-06-15 15:20:13,588 - __main__ - INFO - Server is starting...
2023-06-15 15:20:58,242 - __main__ - INFO - Server is starting...
2023-06-15 15:21:09,216 - __main__ - INFO - Server is starting...
2023-06-15 15:21:18,622 - __main__ - INFO - Server is starting...
2023-06-15 15:21:28,531 - __main__ - INFO - Server is starting...
2023-06-15 15:21:40,492 - __main__ - INFO - Server is starting...
2023-06-15 15:21:50,471 - __main__ - INFO - Server is starting...
2023-06-15 15:22:31,275 - __main__ - INFO - Server is starting...
2023-06-15 15:22:31,870 - __main__ - INFO - Server is starting...
2023-06-15 15:23:10,485 - __main__ - INFO - Server is starting...
2023-06-15 15:25:21,493 - __main__ - INFO - Server is starting...
2023-06-15 15:25:31,428 - __main__ - INFO - Server is starting...
2023-06-15 15:25:41,973 - __main__ - INFO - Server is starting...
2023-06-15 15:25:53,846 - __main__ - INFO - Server is starting...
2023-06-15 15:26:06,665 - __main__ - INFO - Server is starting...
2023-06-15 15:26:24,112 - __main__ - INFO - Server is starting...
2023-06-15 15:27:04,052 - __main__ - INFO - Server is starting...
2023-06-15 15:27:29,146 - __main__ - INFO - Server is starting...
2023-06-15 15:27:48,677 - __main__ - INFO - Server is starting...
2023-06-15 15:27:59,544 - __main__ - INFO - Server is starting...
2023-06-15 15:28:21,995 - __main__ - INFO - Server is starting...
2023-06-15 15:28:39,606 - __main__ - INFO - Server is starting...
2023-06-15 15:30:54,343 - __main__ - INFO - Server is starting...
2023-06-15 15:32:10,656 - __main__ - INFO - Server is starting...
2023-06-15 15:33:02,114 - __main__ - INFO - Server is starting...
2023-06-15 15:33:02,715 - __main__ - INFO - Server is starting...
2023-06-15 15:33:32,069 - __main__ - INFO - Server is starting...
2023-06-15 15:34:20,518 - __main__ - INFO - Server is starting...
2023-06-15 15:34:21,119 - __main__ - INFO - Server is starting...
2023-06-15 15:34:40,686 - __main__ - INFO - Server is starting...
2023-06-15 15:34:51,551 - __main__ - INFO - Server is starting...
2023-06-15 15:35:11,197 - __main__ - INFO - Server is starting...
2023-06-15 15:35:11,799 - __main__ - INFO - Server is starting...
2023-06-15 15:42:05,276 - __main__ - INFO - Server is starting...
2023-06-15 15:42:18,516 - __main__ - INFO - Server is starting...
2023-06-15 15:42:21,766 - __main__ - INFO - Server is starting...
2023-06-15 15:42:23,606 - __main__ - INFO - Server is starting...
2023-06-15 15:42:24,177 - __main__ - INFO - Server is starting...
2023-06-15 15:43:54,020 - __main__ - INFO - Server is starting...
2023-06-15 15:44:00,371 - __main__ - INFO - Server is starting...
2023-06-15 15:44:04,615 - __main__ - INFO - Server is starting...
2023-06-15 15:44:49,378 - __main__ - INFO - Server is starting...
2023-06-15 15:44:59,243 - __main__ - INFO - Server is starting...
2023-06-15 15:45:11,313 - __main__ - INFO - Server is starting...
2023-06-15 15:46:02,893 - __main__ - INFO - Server is starting...
2023-06-15 15:46:12,403 - __main__ - INFO - Server is starting...
2023-06-15 15:46:46,291 - __main__ - INFO - Server is starting...
2023-06-15 15:47:00,888 - __main__ - INFO - Server is starting...
2023-06-15 15:47:15,853 - __main__ - INFO - Server is starting...
2023-06-15 15:47:23,075 - manage - DEBUG - Logout user: admin
2023-06-15 15:47:25,826 - __main__ - INFO - Server is starting...
2023-06-15 15:48:22,817 - __main__ - INFO - Server is starting...
2023-06-15 15:48:23,403 - __main__ - INFO - Server is starting...
2023-06-15 15:48:50,900 - manage - DEBUG - Register user: ad
2023-06-15 15:48:59,554 - manage - DEBUG - Logout user: ad
2023-06-15 15:49:02,662 - manage - DEBUG - Login user: admin 
2023-06-15 15:49:07,206 - manage - INFO - Added 5 airport
2023-06-15 15:49:11,267 - manage - INFO - Added 5 flight
2023-06-15 15:49:14,240 - manage - DEBUG - Logout user: admin
2023-06-15 15:49:26,452 - manage - DEBUG - Register user: asd
2023-06-15 15:49:28,541 - manage - DEBUG - Logout user: asd
2023-06-15 15:49:30,884 - manage - DEBUG - Login user: asd 
2023-06-15 15:49:37,715 - manage - DEBUG - User: asd asd register for flight 1
2023-06-15 15:52:03,927 - __main__ - INFO - Server is starting...
2023-06-15 15:52:18,864 - __main__ - INFO - Server is starting...
2023-06-15 15:52:24,124 - __main__ - INFO - Server is starting...
2023-06-15 15:53:22,313 - __main__ - INFO - Server is starting...
2023-06-15 15:53:32,182 - __main__ - INFO - Server is starting...
2023-06-15 15:55:44,546 - __main__ - INFO - Server is starting...
2023-06-15 15:56:02,329 - __main__ - INFO - Server is starting...
2023-06-15 15:56:02,966 - __main__ - INFO - Server is starting...
2023-06-15 15:56:22,464 - __main__ - INFO - Server is starting...
2023-06-15 15:57:06,300 - __main__ - INFO - Server is starting...
2023-06-15 15:57:06,948 - __main__ - INFO - Server is starting...
2023-06-15 15:57:18,995 - __main__ - INFO - Server is starting...
2023-06-15 16:02:16,053 - __main__ - INFO - Server is starting...
2023-06-15 16:02:16,659 - __main__ - INFO - Server is starting...
2023-06-15 16:02:58,883 - __main__ - INFO - Server is starting...
2023-06-15 16:02:59,467 - __main__ - INFO - Server is starting...
2023-06-15 16:03:35,488 - __main__ - INFO - Server is starting...
2023-06-15 16:03:36,157 - __main__ - INFO - Server is starting...
2023-06-15 16:04:26,529 - __main__ - INFO - Server is starting...
2023-06-15 16:04:27,113 - __main__ - INFO - Server is starting...
2023-06-15 16:05:55,139 - __main__ - INFO - Server is starting...
2023-06-15 16:05:55,730 - __main__ - INFO - Server is starting...
2023-06-15 16:07:32,485 - __main__ - INFO - Server is starting...
2023-06-15 16:07:33,131 - __main__ - INFO - Server is starting...
2023-06-15 16:09:11,346 - __main__ - INFO - Server is starting...
2023-06-15 16:09:37,407 - __main__ - INFO - Server is starting...
2023-06-15 16:09:40,745 - __main__ - INFO - Server is starting...
2023-06-15 16:10:56,337 - __main__ - INFO - Server is starting...
2023-06-15 16:11:50,924 - __main__ - INFO - Server is starting...
2023-06-15 16:11:54,194 - __main__ - INFO - Server is starting...
2023-06-15 16:12:08,095 - __main__ - INFO - Server is starting...
2023-06-15 16:12:17,880 - __main__ - INFO - Server is starting...
2023-06-15 16:12:32,850 - __main__ - INFO - Server is starting...
2023-06-15 16:12:36,280 - __main__ - INFO - Server is starting...
2023-06-15 16:13:43,249 - __main__ - INFO - Server is starting...
2023-06-15 16:14:00,251 - __main__ - INFO - Server is starting...
2023-06-15 16:14:52,531 - __main__ - INFO - Server is starting...
2023-06-15 16:15:12,023 - __main__ - INFO - Server is starting...
2023-06-15 16:17:54,596 - __main__ - INFO - Server is starting...
2023-06-15 16:17:55,188 - __main__ - INFO - Server is starting...
2023-06-15 16:19:07,093 - __main__ - INFO - Server is starting...
2023-06-15 16:19:07,696 - __main__ - INFO - Server is starting...
2023-06-15 16:22:46,970 - __main__ - INFO - Server is starting...
2023-06-15 16:23:01,501 - __main__ - INFO - Server is starting...
2023-06-15 16:24:50,374 - __main__ - INFO - Server is starting...
2023-06-15 16:25:40,580 - __main__ - INFO - Server is starting...
2023-06-15 16:26:11,943 - __main__ - INFO - Server is starting...
2023-06-15 16:30:29,593 - __main__ - INFO - Server is starting...
2023-06-15 16:32:56,169 - __main__ - INFO - Server is starting...
2023-06-15 16:33:24,593 - __main__ - INFO - Server is starting...
2023-06-15 16:35:03,028 - __main__ - INFO - Server is starting...
2023-06-15 16:35:33,167 - __main__ - INFO - Server is starting...
2023-06-15 16:35:36,417 - __main__ - INFO - Server is starting...
2023-06-15 16:35:41,635 - __main__ - INFO - Server is starting...
2023-06-15 16:35:51,468 - __main__ - INFO - Server is starting...
2023-06-15 16:35:54,656 - __main__ - INFO - Server is starting...
2023-06-15 16:35:57,860 - __main__ - INFO - Server is starting...
2023-06-15 16:36:04,126 - __main__ - INFO - Server is starting...
2023-06-15 16:36:09,463 - __main__ - INFO - Server is starting...
2023-06-15 16:36:18,837 - __main__ - INFO - Server is starting...
2023-06-15 16:37:03,575 - __main__ - INFO - Server is starting...
2023-06-15 16:38:27,039 - __main__ - INFO - Server is starting...
2023-06-15 16:38:46,698 - __main__ - INFO - Server is starting...
2023-06-15 16:40:06,499 - __main__ - INFO - Server is starting...
2023-06-15 16:40:12,996 - __main__ - INFO - Server is starting...
2023-06-15 16:40:13,587 - __main__ - INFO - Server is starting...
2023-06-15 16:40:39,835 - __main__ - INFO - Server is starting...
2023-06-15 16:40:52,909 - __main__ - INFO - Server is starting...
2023-06-15 16:41:05,015 - __main__ - INFO - Server is starting...
2023-06-15 16:41:20,907 - __main__ - INFO - Server is starting...
2023-06-15 16:42:11,249 - __main__ - INFO - Server is starting...
2023-06-15 16:42:23,652 - __main__ - INFO - Server is starting...
2023-06-15 16:42:40,215 - __main__ - INFO - Server is starting...
2023-06-15 16:42:56,224 - __main__ - INFO - Server is starting...
2023-06-15 16:43:05,728 - __main__ - INFO - Server is starting...
2023-06-15 16:43:12,102 - __main__ - INFO - Server is starting...
2023-06-15 16:43:18,439 - __main__ - INFO - Server is starting...
2023-06-15 16:43:29,266 - __main__ - INFO - Server is starting...
2023-06-15 16:43:39,103 - __main__ - INFO - Server is starting...
2023-06-15 16:43:56,203 - __main__ - INFO - Server is starting...
2023-06-15 16:44:55,952 - __main__ - INFO - Server is starting...
2023-06-15 16:46:02,098 - __main__ - INFO - Server is starting...
2023-06-15 16:46:26,271 - __main__ - INFO - Server is starting...
2023-06-15 16:46:26,857 - __main__ - INFO - Server is starting...
2023-06-15 16:46:49,496 - __main__ - INFO - Server is starting...
2023-06-15 16:47:03,021 - __main__ - INFO - Server is starting...
2023-06-15 16:47:03,608 - __main__ - INFO - Server is starting...
2023-06-15 16:58:16,068 - __main__ - INFO - Server is starting...
2023-06-15 16:58:16,686 - __main__ - INFO - Server is starting...
2023-06-15 17:13:30,170 - __main__ - INFO - Server is starting...
2023-06-15 17:14:44,382 - __main__ - INFO - Server is starting...
2023-06-15 17:17:19,008 - __main__ - INFO - Server is starting...
2023-06-15 17:17:19,617 - __main__ - INFO - Server is starting...
2023-06-15 17:19:28,679 - __main__ - INFO - Server is starting...
2023-06-15 17:19:29,285 - __main__ - INFO - Server is starting...
2023-06-15 17:34:08,090 - manage - DEBUG - Logout user: asd
2023-06-15 17:34:11,630 - manage - DEBUG - Login user: admin 
2023-06-15 17:36:29,065 - __main__ - INFO - Server is starting...
2023-06-15 17:36:29,712 - __main__ - INFO - Server is starting...
2023-06-15 19:00:21,514 - __main__ - INFO - Server is starting...
2023-06-15 19:00:31,757 - __main__ - INFO - Server is starting...
2023-06-15 19:00:44,507 - __main__ - INFO - Server is starting...
2023-06-15 19:00:59,075 - __main__ - INFO - Server is starting...
2023-06-15 19:00:59,711 - __main__ - INFO - Server is starting...
2023-06-15 19:02:14,178 - manage - DEBUG - Logout user: admin
2023-06-15 19:09:08,991 - __main__ - INFO - Server is starting...
2023-06-15 19:09:09,645 - __main__ - INFO - Server is starting...
2023-06-15 19:09:21,096 - manage - DEBUG - Login user: asd 
2023-06-15 19:41:29,067 - __main__ - INFO - Server is starting...
2023-06-15 19:41:39,682 - __main__ - INFO - Server is starting...
2023-06-15 19:41:50,823 - __main__ - INFO - Server is starting...
2023-06-15 20:06:04,761 - manage - DEBUG - Logout user: asd
2023-06-15 20:06:08,962 - manage - DEBUG - Login user: admin 
2023-06-15 21:25:27,956 - __main__ - INFO - Server is starting...
2023-06-15 21:26:38,362 - __main__ - INFO - Server is starting...
2023-06-15 21:28:30,217 - manage - DEBUG - Logout user: admin
2023-06-15 21:28:33,330 - manage - DEBUG - Login user: asd 
2023-06-15 21:28:40,828 - manage - DEBUG - User: asd asd register for flight 4
2023-06-15 21:28:53,196 - manage - DEBUG - Logout user: asd
2023-06-15 21:28:56,725 - manage - DEBUG - Login user: admin 
2023-06-15 21:30:29,169 - __main__ - INFO - Server is starting...
2023-06-15 21:30:37,533 - manage - DEBUG - Logout user: admin
2023-06-15 21:30:41,086 - manage - DEBUG - Login user: asd 
2023-06-15 21:30:48,804 - manage - DEBUG - User: asd asd register for flight 3
2023-06-15 21:30:53,097 - manage - DEBUG - Logout user: asd
2023-06-15 21:30:56,137 - manage - DEBUG - Login user: admin 
2023-06-15 21:31:49,041 - __main__ - INFO - Server is starting...
2023-06-15 21:32:00,626 - manage - DEBUG - Logout user: admin
2023-06-15 21:32:05,113 - manage - DEBUG - Login user: admin 
2023-06-15 21:32:06,966 - manage - DEBUG - Logout user: admin
2023-06-15 21:32:12,728 - manage - DEBUG - Login user: asd 
2023-06-15 21:32:28,623 - __main__ - INFO - Server is starting...
2023-06-15 21:39:21,819 - manage - DEBUG - Logout user: asd
2023-06-15 21:39:27,745 - manage - DEBUG - Login user: asd 
2023-06-15 21:39:50,630 - manage - DEBUG - Logout user: asd
2023-06-15 21:39:53,336 - manage - DEBUG - Login user: admin 
2023-06-15 21:40:22,971 - __main__ - INFO - Server is starting...
2023-06-15 21:40:30,268 - manage - DEBUG - Logout user: admin
2023-06-15 21:40:35,948 - manage - DEBUG - Login user: asd 
2023-06-15 21:40:45,108 - manage - DEBUG - Logout user: asd
2023-06-15 21:40:50,493 - manage - DEBUG - Login user: admin 
2023-06-15 21:40:59,074 - __main__ - INFO - Server is starting...
2023-06-15 21:42:04,389 - __main__ - INFO - Server is starting...
2023-06-15 21:42:14,966 - manage - DEBUG - Logout user: admin
2023-06-15 21:42:19,610 - manage - DEBUG - Login user: asd 
2023-06-15 21:42:27,177 - manage - DEBUG - Logout user: asd
2023-06-15 21:42:30,739 - manage - DEBUG - Login user: admin 
2023-06-15 21:43:11,450 - __main__ - INFO - Server is starting...
2023-06-15 21:43:31,871 - __main__ - INFO - Server is starting...
2023-06-15 21:44:03,498 - __main__ - INFO - Server is starting...
2023-06-15 21:44:25,250 - __main__ - INFO - Server is starting...
2023-06-15 21:44:39,824 - __main__ - INFO - Server is starting...
2023-06-15 21:44:49,829 - __main__ - INFO - Server is starting...
2023-06-15 21:45:12,887 - __main__ - INFO - Server is starting...
